help.are
limbo.are
standard.are
westernforest.are
structureop.are
luckanc.are
luckjungle.are
greatdesert.are
athenae.are
xmas1.are
xmas2.are
jarlaxlexpeq.are
zoro.are
cavesmist.are
demonstench.are
porthos.are
Zoroxp.are
wastelands.are
starsonxp.are
malos.are
wisp.are
calin.are
luckerdu.are
bernsxp.are
bern2.are
morgothscastlealderen.are
guildhalls.are
underwatdem.are
traitor.are
harkonath.are
structwhitop.are
flatmountain.are
strucdarkhlfil.are
madman007.are
philo.are
fillereros.are
whitnewbxp.are
aragorncave.are
extrademon.are
prismag.are
forwood.are
demons271.are
smiths.are
noideayet.are
templ4winds.are
flatline008.are
ship.are
demons272.are
kobol.are
kobold2.are
structures007.are
quest.are
raizel1.are
azraen1.are
kerit.are
tierlake.are
lythlorden.are
crimson.are
sylvantower.are
planeofhate.are
northaeth.are
planeofdeath.are
planeoffear2.are
kerit002.are
aetheast.are
aethnorth.are
kerit003.are
godship.are
neutralop.are
wlowxp.are
lnkfield.are
drakfor.are
wyverncave.are
towtyr.are
duntar.are
neutquest.are
swlost.are
tiereq.are
forgedeq.are
castlebg.are
hardeqzone.are
log01.are
wingdale.are
mmclan.are
$
